#
# There is insufficient memory for the Java Runtime Environment to continue.
# Native memory allocation (mmap) failed to map 532676608 bytes for G1 virtual space
# Possible reasons:
#   The system is out of physical RAM or swap space
#   The process is running with CompressedOops enabled, and the Java Heap may be blocking the growth of the native heap
# Possible solutions:
#   Reduce memory load on the system
#   Increase physical memory or swap space
#   Check if swap backing store is full
#   Decrease Java heap size (-Xmx/-Xms)
#   Decrease number of Java threads
#   Decrease Java thread stack sizes (-Xss)
#   Set larger code cache with -XX:ReservedCodeCacheSize=
#   JVM is running with Zero Based Compressed Oops mode in which the Java heap is
#     placed in the first 32GB address space. The Java Heap base address is the
#     maximum limit for the native heap growth. Please use -XX:HeapBaseMinAddress
#     to set the Java Heap base and to place the Java Heap above 32GB virtual address.
# This output file may be truncated or incomplete.
#
#  Out of Memory Error (os_windows.cpp:3559), pid=31468, tid=29404
#
# JRE version:  (17.0.7+7) (build )
# Java VM: OpenJDK 64-Bit Server VM (17.0.7+7-LTS, mixed mode, sharing, tiered, compressed oops, compressed class ptrs, g1 gc, windows-amd64)
# No core dump will be written. Minidumps are not enabled by default on client versions of Windows
#

---------------  S U M M A R Y ------------

Command Line: org.jetbrains.kotlin.cli.jvm.K2JVMCompiler @D:\JonathanSouza\TesteArgoTech\ArgoTechTodoList\node_modules\@react-native\gradle-plugin\build\20231015_7394426272789251189.compiler.options

Host: Intel(R) Core(TM) i5-10400 CPU @ 2.90GHz, 12 cores, 31G,  Windows 11 , 64 bit Build 22621 (10.0.22621.2428)
Time: Sun Oct 15 16:08:05 2023 Hora oficial do Brasil elapsed time: 0.008788 seconds (0d 0h 0m 0s)

---------------  T H R E A D  ---------------

Current thread (0x00000199c590ab50):  JavaThread "Unknown thread" [_thread_in_vm, id=29404, stack(0x000000819db00000,0x000000819dc00000)]

Stack: [0x000000819db00000,0x000000819dc00000]
Native frames: (J=compiled Java code, j=interpreted, Vv=VM code, C=native code)
V  [jvm.dll+0x67c77a]
V  [jvm.dll+0x83a0b4]
V  [jvm.dll+0x83b85e]
V  [jvm.dll+0x83bec3]
V  [jvm.dll+0x24a5af]
V  [jvm.dll+0x679649]
V  [jvm.dll+0x66deda]
V  [jvm.dll+0x309ccb]
V  [jvm.dll+0x311176]
V  [jvm.dll+0x3612fe]
V  [jvm.dll+0x36152f]
V  [jvm.dll+0x2e0c28]
V  [jvm.dll+0x2e1b94]
V  [jvm.dll+0x80c0a1]
V  [jvm.dll+0x36f0c1]
V  [jvm.dll+0x7eb5ac]
V  [jvm.dll+0x3f1d4f]
V  [jvm.dll+0x3f3881]
C  [jli.dll+0x532f]
C  [ucrtbase.dll+0x29363]
C  [KERNEL32.DLL+0x1257d]
C  [ntdll.dll+0x5aa78]


---------------  P R O C E S S  ---------------

Threads class SMR info:
_java_thread_list=0x00007fff02cd3098, length=0, elements={
}

Java Threads: ( => current thread )

Other Threads:
  0x00000199c5974bb0 GCTaskThread "GC Thread#0" [stack: 0x000000819dc00000,0x000000819dd00000] [id=19988]
  0x00000199c59869c0 ConcurrentGCThread "G1 Main Marker" [stack: 0x000000819dd00000,0x000000819de00000] [id=31728]
  0x00000199c59871e0 ConcurrentGCThread "G1 Conc#0" [stack: 0x000000819de00000,0x000000819df00000] [id=7764]

[error occurred during error reporting (printing all threads), id 0xc0000005, EXCEPTION_ACCESS_VIOLATION (0xc0000005) at pc=0x00007fff02491627]

VM state: not at safepoint (not fully initialized)

VM Mutex/Monitor currently owned by a thread:  ([mutex/lock_event])
[0x00000199c59066d0] Heap_lock - owner thread: 0x00000199c590ab50

Heap address: 0x0000000606000000, size: 8096 MB, Compressed Oops mode: Zero based, Oop shift amount: 3

CDS archive(s) mapped at: [0x0000000000000000-0x0000000000000000-0x0000000000000000), size 0, SharedBaseAddress: 0x0000000800000000, ArchiveRelocationMode: 0.
Narrow klass base: 0x0000000000000000, Narrow klass shift: 0, Narrow klass range: 0x0

GC Precious Log:
<Empty>

Heap:
 garbage-first heap   total 0K, used 0K [0x0000000606000000, 0x0000000800000000)
  region size 4096K, 0 young (0K), 0 survivors (0K)

[error occurred during error reporting (printing heap information), id 0xc0000005, EXCEPTION_ACCESS_VIOLATION (0xc0000005) at pc=0x00007fff02876119]

GC Heap History (0 events):
No events

Dll operation events (1 events):
Event: 0.006 Loaded shared library C:\Program Files\Java\zulu17.42.19-ca-jdk17.0.7-win_x64\bin\java.dll

Deoptimization events (0 events):
No events

Classes unloaded (0 events):
No events

Classes redefined (0 events):
No events

Internal exceptions (0 events):
No events

VM Operations (0 events):
No events

Events (0 events):
No events


Dynamic libraries:
0x00007ff6ff780000 - 0x00007ff6ff78e000 	C:\Program Files\Java\zulu17.42.19-ca-jdk17.0.7-win_x64\bin\java.exe
0x00007fff5b130000 - 0x00007fff5b347000 	C:\WINDOWS\SYSTEM32\ntdll.dll
0x00007fff59e70000 - 0x00007fff59f34000 	C:\WINDOWS\System32\KERNEL32.DLL
0x00007fff58840000 - 0x00007fff58be6000 	C:\WINDOWS\System32\KERNELBASE.dll
0x00007fff52020000 - 0x00007fff520b7000 	C:\WINDOWS\SYSTEM32\apphelp.dll
0x00007fff58720000 - 0x00007fff58831000 	C:\WINDOWS\System32\ucrtbase.dll
0x00007fff53d00000 - 0x00007fff53d19000 	C:\Program Files\Java\zulu17.42.19-ca-jdk17.0.7-win_x64\bin\jli.dll
0x00007fff4fdf0000 - 0x00007fff4fe0b000 	C:\Program Files\Java\zulu17.42.19-ca-jdk17.0.7-win_x64\bin\VCRUNTIME140.dll
0x00007fff59cc0000 - 0x00007fff59e6d000 	C:\WINDOWS\System32\USER32.dll
0x00007fff58550000 - 0x00007fff58576000 	C:\WINDOWS\System32\win32u.dll
0x00007fff4c0b0000 - 0x00007fff4c343000 	C:\WINDOWS\WinSxS\amd64_microsoft.windows.common-controls_6595b64144ccf1df_6.0.22621.2361_none_2712ced57382f843\COMCTL32.dll
0x00007fff5b0b0000 - 0x00007fff5b0d9000 	C:\WINDOWS\System32\GDI32.dll
0x00007fff59240000 - 0x00007fff592e7000 	C:\WINDOWS\System32\msvcrt.dll
0x00007fff58580000 - 0x00007fff58698000 	C:\WINDOWS\System32\gdi32full.dll
0x00007fff584b0000 - 0x00007fff5854a000 	C:\WINDOWS\System32\msvcp_win.dll
0x00007fff58e90000 - 0x00007fff58ec1000 	C:\WINDOWS\System32\IMM32.DLL
0x00007fff53610000 - 0x00007fff5361c000 	C:\Program Files\Java\zulu17.42.19-ca-jdk17.0.7-win_x64\bin\vcruntime140_1.dll
0x00007fff49280000 - 0x00007fff4930d000 	C:\Program Files\Java\zulu17.42.19-ca-jdk17.0.7-win_x64\bin\msvcp140.dll
0x00007fff021a0000 - 0x00007fff02e05000 	C:\Program Files\Java\zulu17.42.19-ca-jdk17.0.7-win_x64\bin\server\jvm.dll
0x00007fff59790000 - 0x00007fff59840000 	C:\WINDOWS\System32\ADVAPI32.dll
0x00007fff596e0000 - 0x00007fff59786000 	C:\WINDOWS\System32\sechost.dll
0x00007fff5af90000 - 0x00007fff5b0a7000 	C:\WINDOWS\System32\RPCRT4.dll
0x00007fff4af40000 - 0x00007fff4af49000 	C:\WINDOWS\SYSTEM32\WSOCK32.dll
0x00007fff532e0000 - 0x00007fff53314000 	C:\WINDOWS\SYSTEM32\WINMM.dll
0x00007fff53530000 - 0x00007fff5353a000 	C:\WINDOWS\SYSTEM32\VERSION.dll
0x00007fff5a230000 - 0x00007fff5a2a1000 	C:\WINDOWS\System32\WS2_32.dll
0x00007fff57450000 - 0x00007fff57468000 	C:\WINDOWS\SYSTEM32\kernel.appcore.dll
0x00007fff53340000 - 0x00007fff5334a000 	C:\Program Files\Java\zulu17.42.19-ca-jdk17.0.7-win_x64\bin\jimage.dll
0x00007fff55cc0000 - 0x00007fff55eee000 	C:\WINDOWS\SYSTEM32\DBGHELP.DLL
0x00007fff59840000 - 0x00007fff59bca000 	C:\WINDOWS\System32\combase.dll
0x00007fff59160000 - 0x00007fff59237000 	C:\WINDOWS\System32\OLEAUT32.dll
0x00007fff50a70000 - 0x00007fff50aa2000 	C:\WINDOWS\SYSTEM32\dbgcore.DLL
0x00007fff586a0000 - 0x00007fff5871a000 	C:\WINDOWS\System32\bcryptPrimitives.dll
0x00007fff4f3b0000 - 0x00007fff4f3d5000 	C:\Program Files\Java\zulu17.42.19-ca-jdk17.0.7-win_x64\bin\java.dll

dbghelp: loaded successfully - version: 4.0.5 - missing functions: none
symbol engine: initialized successfully - sym options: 0x614 - pdb path: .;C:\Program Files\Java\zulu17.42.19-ca-jdk17.0.7-win_x64\bin;C:\WINDOWS\SYSTEM32;C:\WINDOWS\WinSxS\amd64_microsoft.windows.common-controls_6595b64144ccf1df_6.0.22621.2361_none_2712ced57382f843;C:\Program Files\Java\zulu17.42.19-ca-jdk17.0.7-win_x64\bin\server

VM Arguments:
java_command: org.jetbrains.kotlin.cli.jvm.K2JVMCompiler @D:\JonathanSouza\TesteArgoTech\ArgoTechTodoList\node_modules\@react-native\gradle-plugin\build\20231015_7394426272789251189.compiler.options
java_class_path (initial): C:\Users\GoTech\.gradle\caches\modules-2\files-2.1\org.jetbrains.kotlin\kotlin-compiler-embeddable\1.7.22\1a39d9a56c9d1618300cd3444f070a5399663403\kotlin-compiler-embeddable-1.7.22.jar;C:\Users\GoTech\.gradle\caches\modules-2\files-2.1\org.jetbrains.kotlin\kotlin-reflect\1.7.22\e61a16c5c838d324529a6aa72dfb88ea98958a29\kotlin-reflect-1.7.22.jar;C:\Users\GoTech\.gradle\caches\modules-2\files-2.1\org.jetbrains.kotlin\kotlin-stdlib\1.7.22\9fb43bccb6cf8cfaaf3776c75f5df4f052f09b72\kotlin-stdlib-1.7.22.jar;C:\Users\GoTech\.gradle\caches\modules-2\files-2.1\org.jetbrains.kotlin\kotlin-script-runtime\1.7.22\703a4d56168f3517532bc04481e3c8b751f685cb\kotlin-script-runtime-1.7.22.jar;C:\Users\GoTech\.gradle\caches\modules-2\files-2.1\org.jetbrains.kotlin\kotlin-daemon-embeddable\1.7.22\a4f231458e1bb6fffbb8e1224f97d20a3ecc9c83\kotlin-daemon-embeddable-1.7.22.jar;C:\Users\GoTech\.gradle\caches\modules-2\files-2.1\org.jetbrains.intellij.deps\trove4j\1.0.20200330\3afb14d5f9ceb459d724e907a21145e8ff394f02\trove4j-1.0.20200330.jar;C:\Users\GoTech\.gradle\caches\modules-2\files-2.1\net.java.dev.jna\jna\5.6.0\330f2244e9030119ab3030fc3fededc86713d9cc\jna-5.6.0.jar;C:\Users\GoTech\.gradle\caches\modules-2\files-2.1\org.jetbrains.kotlin\kotlin-stdlib-common\1.7.22\5dd2c9dcf64c94b46cf4bdb6fa4035b9bb726e2e\kotlin-stdlib-common-1.7.22.jar;C:\Users\GoTech\.gradle\caches\modules-2\files-2.1\org.jetbrains\annotations\13.0\919f0dfe192fb4e063e7dacadee7f8bb9a2672a9\annotations-13.0.jar
Launcher Type: SUN_STANDARD

[Global flags]
     intx CICompilerCount                          = 4                                         {product} {ergonomic}
     uint ConcGCThreads                            = 3                                         {product} {ergonomic}
     uint G1ConcRefinementThreads                  = 10                                        {product} {ergonomic}
   size_t G1HeapRegionSize                         = 4194304                                   {product} {ergonomic}
    uintx GCDrainStackTargetSize                   = 64                                        {product} {ergonomic}
   size_t InitialHeapSize                          = 532676608                                 {product} {ergonomic}
   size_t MarkStackSize                            = 4194304                                   {product} {ergonomic}
   size_t MaxHeapSize                              = 8489271296                                {product} {ergonomic}
   size_t MinHeapDeltaBytes                        = 4194304                                   {product} {ergonomic}
   size_t MinHeapSize                              = 8388608                                   {product} {ergonomic}
    uintx NonNMethodCodeHeapSize                   = 5839372                                {pd product} {ergonomic}
    uintx NonProfiledCodeHeapSize                  = 122909434                              {pd product} {ergonomic}
    uintx ProfiledCodeHeapSize                     = 122909434                              {pd product} {ergonomic}
    uintx ReservedCodeCacheSize                    = 251658240                              {pd product} {ergonomic}
     bool SegmentedCodeCache                       = true                                      {product} {ergonomic}
   size_t SoftMaxHeapSize                          = 8489271296                             {manageable} {ergonomic}
     bool UseCompressedClassPointers               = true                           {product lp64_product} {ergonomic}
     bool UseCompressedOops                        = true                           {product lp64_product} {ergonomic}
     bool UseG1GC                                  = true                                      {product} {ergonomic}
     bool UseLargePagesIndividualAllocation        = false                                  {pd product} {ergonomic}

Logging:
Log output configuration:
 #0: stdout all=warning uptime,level,tags
 #1: stderr all=off uptime,level,tags

Environment Variables:
JAVA_HOME=C:\Program Files\Java\zulu17.42.19-ca-jdk17.0.7-win_x64
CLASSPATH=D:\JonathanSouza\TesteArgoTech\ArgoTechTodoList\android\\gradle\wrapper\gradle-wrapper.jar
PATH=D:\JonathanSouza\TesteArgoTech\ArgoTechTodoList\node_modules\.bin;D:\JonathanSouza\TesteArgoTech\ArgoTechTodoList\node_modules\.bin;D:\JonathanSouza\TesteArgoTech\node_modules\.bin;D:\JonathanSouza\node_modules\.bin;D:\node_modules\.bin;C:\Users\GoTech\AppData\Roaming\nvm\v16.20.0\node_modules\npm\node_modules\@npmcli\run-script\lib\node-gyp-bin;C:\Users\GoTech\AppData\Local\Temp\yarn--1697396876732-0.6549936869935562;D:\JonathanSouza\TesteArgoTech\ArgoTechTodoList\node_modules\.bin;C:\Users\GoTech\AppData\Local\Yarn\Data\link\node_modules\.bin;C:\Users\GoTech\AppData\Local\Yarn\bin;C:\Program Files\libexec\lib\node_modules\npm\bin\node-gyp-bin;C:\Program Files\lib\node_modules\npm\bin\node-gyp-bin;C:\Program Files\nodejs\node_modules\npm\bin\node-gyp-bin;C:\Users\GoTech\bin;C:\Program Files\Git\mingw64\bin;C:\Program Files\Git\usr\local\bin;C:\Program Files\Git\usr\bin;C:\Program Files\Git\usr\bin;C:\Program Files\Git\mingw64\bin;C:\Program Files\Git\usr\bin;C:\Users\GoTech\bin;C:\Program Files\Java\zulu17.42.19-ca-jdk17.0.7-win_x64\bin;C:\OracleDatabate21cXE\dbhomeXE\bin;D:\app\GoTech\product\11.2.0\client_1\bin;C:\WINDOWS\system32;C:\WINDOWS;C:\WINDOWS\System32\Wbem;C:\WINDOWS\System32\WindowsPowerShell\v1.0;C:\WINDOWS\System32\OpenSSH;C:\Program Files\PuTTY;C:\Program Files\Git\cmd;C:\Program Files\Java\jdk-20\bin;C:\Users\GoTech\AppData\Roaming\nvm;C:\Program Files\nodejs;C:\xampp\php;C:\ProgramData\ComposerSetup\bin;C:\Program Files\Docker\Docker\resources\bin;C:\Users\GoTech\AppData\Local\Android\Sdk\platform-tools;C:\Program Files\MySQL\MySQL Shell 8.0\bin;C:\Users\GoTech\AppData\Local\Programs\Python\Python310\Scripts;C:\Users\GoTech\AppData\Local\Programs\Python\Python310;C:\Users\GoTech\AppData\Local\Microsoft\WindowsApps;C:\Users\GoTech\AppData\Local\Programs\Microsoft VS Code\bin;C:\Users\GoTech\AppData\Roaming\npm;C:\Users\GoTech\AppData\Roaming\nvm;C:\Program Files\nodejs;C:\Users\GoTech\AppData\Roaming\Composer\vendor\bin;C:\Users\GoTech\AppData\Lo
USERNAME=GoTech
SHELL=C:\Program Files\Git\usr\bin\bash.exe
DISPLAY=needs-to-be-defined
LANG=en_US.UTF-8
TERM=xterm-256color
TMPDIR=C:\Users\GoTech\AppData\Local\Temp
OS=Windows_NT
PROCESSOR_IDENTIFIER=Intel64 Family 6 Model 165 Stepping 3, GenuineIntel
TMP=C:\Users\GoTech\AppData\Local\Temp
TEMP=C:\Users\GoTech\AppData\Local\Temp



---------------  S Y S T E M  ---------------

OS:
 Windows 11 , 64 bit Build 22621 (10.0.22621.2428)
OS uptime: 4 days 15:36 hours
Hyper-V role detected

CPU: total 12 (initial active 12) (6 cores per cpu, 2 threads per core) family 6 model 165 stepping 3 microcode 0xe0, cx8, cmov, fxsr, ht, mmx, 3dnowpref, sse, sse2, sse3, ssse3, sse4.1, sse4.2, popcnt, lzcnt, tsc, tscinvbit, avx, avx2, aes, erms, clmul, bmi1, bmi2, adx, fma, vzeroupper, clflush, clflushopt, hv

Memory: 4k page, system-wide physical 32374M (4054M free)
TotalPageFile size 57356M (AvailPageFile size 378M)
current process WorkingSet (physical memory assigned to process): 12M, peak: 12M
current process commit charge ("private bytes"): 65M, peak: 573M

vm_info: OpenJDK 64-Bit Server VM (17.0.7+7-LTS) for windows-amd64 JRE (17.0.7+7-LTS) (Zulu17.42+19-CA), built on Apr 10 2023 13:02:30 by "zulu_re" with MS VC++ 16.10 / 16.11 (VS2019)

END.
